0 info it worked if it ends with ok
1 verbose cli [ 'C:\\Program Files\\nodejs\\node.exe',
1 verbose cli   'C:\\Program Files\\nodejs\\node_modules\\npm\\bin\\npm-cli.js',
1 verbose cli   'start' ]
2 info using npm@3.10.8
3 info using node@v6.9.1
4 verbose run-script [ 'prestart', 'start', 'poststart' ]
5 info lifecycle openshift-cartridge-nodejs-template@1.0.1~prestart: openshift-cartridge-nodejs-template@1.0.1
6 silly lifecycle openshift-cartridge-nodejs-template@1.0.1~prestart: no script for prestart, continuing
7 info lifecycle openshift-cartridge-nodejs-template@1.0.1~start: openshift-cartridge-nodejs-template@1.0.1
8 verbose lifecycle openshift-cartridge-nodejs-template@1.0.1~start: unsafe-perm in lifecycle true
9 verbose lifecycle openshift-cartridge-nodejs-template@1.0.1~start: PATH: C:\Program Files\nodejs\node_modules\npm\bin\node-gyp-bin;F:\chat-server\chat_service\node_modules\.bin;C:\Program Files (x86)\NVIDIA Corporation\PhysX\Common;C:\Program Files\Broadcom\Broadcom 802.11 Network Adapter\Driver;C:\Windows\system32;C:\Windows;C:\Windows\System32\Wbem;C:\Windows\System32\WindowsPowerShell\v1.0\;C:\Program Files\Lenovo\Bluetooth Software\;C:\Program Files\Lenovo\Bluetooth Software\syswow64;C:\Program Files (x86)\Intel\OpenCL SDK\2.0\bin\x86;C:\Program Files (x86)\Intel\OpenCL SDK\2.0\bin\x64;C:\Program Files\nodejs\;C:\Program Files\TortoiseGit\bin;C:\Program Files (x86)\Skype\Phone\;C:\Program Files\Git\cmd;C:\Ruby22\bin;C:\Users\Veronika\AppData\Roaming\npm;C:\Program Files (x86)\Microsoft VS Code\bin;C:\Program Files\Heroku\bin
10 verbose lifecycle openshift-cartridge-nodejs-template@1.0.1~start: CWD: F:\chat-server\chat_service
11 silly lifecycle openshift-cartridge-nodejs-template@1.0.1~start: Args: [ '/d /s /c', 'node --use_strict server.js' ]
12 silly lifecycle openshift-cartridge-nodejs-template@1.0.1~start: Returned: code: 3221225786  signal: null
13 info lifecycle openshift-cartridge-nodejs-template@1.0.1~start: Failed to exec start script
14 verbose stack Error: openshift-cartridge-nodejs-template@1.0.1 start: `node --use_strict server.js`
14 verbose stack Exit status 3221225786
14 verbose stack     at EventEmitter.<anonymous> (C:\Program Files\nodejs\node_modules\npm\lib\utils\lifecycle.js:255:16)
14 verbose stack     at emitTwo (events.js:106:13)
14 verbose stack     at EventEmitter.emit (events.js:191:7)
14 verbose stack     at ChildProcess.<anonymous> (C:\Program Files\nodejs\node_modules\npm\lib\utils\spawn.js:40:14)
14 verbose stack     at emitTwo (events.js:106:13)
14 verbose stack     at ChildProcess.emit (events.js:191:7)
14 verbose stack     at maybeClose (internal/child_process.js:877:16)
14 verbose stack     at Process.ChildProcess._handle.onexit (internal/child_process.js:226:5)
15 verbose pkgid openshift-cartridge-nodejs-template@1.0.1
16 verbose cwd F:\chat-server\chat_service
17 error Windows_NT 6.1.7600
18 error argv "C:\\Program Files\\nodejs\\node.exe" "C:\\Program Files\\nodejs\\node_modules\\npm\\bin\\npm-cli.js" "start"
19 error node v6.9.1
20 error npm  v3.10.8
21 error code ELIFECYCLE
22 error openshift-cartridge-nodejs-template@1.0.1 start: `node --use_strict server.js`
22 error Exit status 3221225786
23 error Failed at the openshift-cartridge-nodejs-template@1.0.1 start script 'node --use_strict server.js'.
23 error Make sure you have the latest version of node.js and npm installed.
23 error If you do, this is most likely a problem with the openshift-cartridge-nodejs-template package,
23 error not with npm itself.
23 error Tell the author that this fails on your system:
23 error     node --use_strict server.js
23 error You can get information on how to open an issue for this project with:
23 error     npm bugs openshift-cartridge-nodejs-template
23 error Or if that isn't available, you can get their info via:
23 error     npm owner ls openshift-cartridge-nodejs-template
23 error There is likely additional logging output above.
24 verbose exit [ 1, true ]
